[32m[Nest] 17128  - [39m28/04/2026, 3:33:16 pm [32m    LOG[39m [38;5;3m[NestFactory] [39m[32mStarting Nest application...[39m
[32m[Nest] 17128  - [39m28/04/2026, 3:33:16 pm [32m    LOG[39m [38;5;3m[InstanceLoader] [39m[32mSocialModule dependencies initialized[39m[38;5;3m +35ms[39m
[32m[Nest] 17128  - [39m28/04/2026, 3:33:16 pm [32m    LOG[39m [38;5;3m[InstanceLoader] [39m[32mChallengesModule dependencies initialized[39m[38;5;3m +2ms[39m
[32m[Nest] 17128  - [39m28/04/2026, 3:33:16 pm [32m    LOG[39m [38;5;3m[InstanceLoader] [39m[32mNotificationsModule dependencies initialized[39m[38;5;3m +1ms[39m
[32m[Nest] 17128  - [39m28/04/2026, 3:33:16 pm [32m    LOG[39m [38;5;3m[InstanceLoader] [39m[32mConfigHostModule dependencies initialized[39m[38;5;3m +2ms[39m
[32m[Nest] 17128  - [39m28/04/2026, 3:33:16 pm [32m    LOG[39m [38;5;3m[InstanceLoader] [39m[32mPlatformModule dependencies initialized[39m[38;5;3m +1ms[39m
[32m[Nest] 17128  - [39m28/04/2026, 3:33:16 pm [32m    LOG[39m [38;5;3m[InstanceLoader] [39m[32mUsersModule dependencies initialized[39m[38;5;3m +1ms[39m
[32m[Nest] 17128  - [39m28/04/2026, 3:33:16 pm [32m    LOG[39m [38;5;3m[InstanceLoader] [39m[32mAuthModule dependencies initialized[39m[38;5;3m +1ms[39m
[32m[Nest] 17128  - [39m28/04/2026, 3:33:16 pm [32m    LOG[39m [38;5;3m[InstanceLoader] [39m[32mClubsModule dependencies initialized[39m[38;5;3m +0ms[39m
[32m[Nest] 17128  - [39m28/04/2026, 3:33:16 pm [32m    LOG[39m [38;5;3m[InstanceLoader] [39m[32mBillingModule dependencies initialized[39m[38;5;3m +1ms[39m
[32m[Nest] 17128  - [39m28/04/2026, 3:33:16 pm [32m    LOG[39m [38;5;3m[InstanceLoader] [39m[32mConfigModule dependencies initialized[39m[38;5;3m +0ms[39m
[32m[Nest] 17128  - [39m28/04/2026, 3:33:16 pm [32m    LOG[39m [38;5;3m[InstanceLoader] [39m[32mSegmentsModule dependencies initialized[39m[38;5;3m +0ms[39m
[32m[Nest] 17128  - [39m28/04/2026, 3:33:16 pm [32m    LOG[39m [38;5;3m[InstanceLoader] [39m[32mAnalyticsModule dependencies initialized[39m[38;5;3m +1ms[39m
[32m[Nest] 17128  - [39m28/04/2026, 3:33:16 pm [32m    LOG[39m [38;5;3m[InstanceLoader] [39m[32mActivitiesModule dependencies initialized[39m[38;5;3m +1ms[39m
[32m[Nest] 17128  - [39m28/04/2026, 3:33:16 pm [32m    LOG[39m [38;5;3m[InstanceLoader] [39m[32mLeaderboardsModule dependencies initialized[39m[38;5;3m +0ms[39m
[32m[Nest] 17128  - [39m28/04/2026, 3:33:16 pm [32m    LOG[39m [38;5;3m[InstanceLoader] [39m[32mFeedModule dependencies initialized[39m[38;5;3m +0ms[39m
[32m[Nest] 17128  - [39m28/04/2026, 3:33:16 pm [32m    LOG[39m [38;5;3m[InstanceLoader] [39m[32mShareModule dependencies initialized[39m[38;5;3m +1ms[39m
[32m[Nest] 17128  - [39m28/04/2026, 3:33:16 pm [32m    LOG[39m [38;5;3m[InstanceLoader] [39m[32mValidationModule dependencies initialized[39m[38;5;3m +0ms[39m
[32m[Nest] 17128  - [39m28/04/2026, 3:33:16 pm [32m    LOG[39m [38;5;3m[InstanceLoader] [39m[32mEventsModule dependencies initialized[39m[38;5;3m +0ms[39m
[32m[Nest] 17128  - [39m28/04/2026, 3:33:16 pm [32m    LOG[39m [38;5;3m[InstanceLoader] [39m[32mIntegrationsModule dependencies initialized[39m[38;5;3m +0ms[39m
[32m[Nest] 17128  - [39m28/04/2026, 3:33:16 pm [32m    LOG[39m [38;5;3m[InstanceLoader] [39m[32mAppModule dependencies initialized[39m[38;5;3m +1ms[39m
[32m[Nest] 17128  - [39m28/04/2026, 3:33:16 pm [32m    LOG[39m [38;5;3m[InstanceLoader] [39m[32mGraphQLSchemaBuilderModule dependencies initialized[39m[38;5;3m +0ms[39m
[32m[Nest] 17128  - [39m28/04/2026, 3:33:16 pm [32m    LOG[39m [38;5;3m[InstanceLoader] [39m[32mGraphQLModule dependencies initialized[39m[38;5;3m +1ms[39m
[32m[Nest] 17128  - [39m28/04/2026, 3:33:16 pm [32m    LOG[39m [38;5;3m[WebSocketsController] [39m[32mRaceGateway subscribed to the "race.join" message[39m[38;5;3m +141ms[39m
[32m[Nest] 17128  - [39m28/04/2026, 3:33:16 pm [32m    LOG[39m [38;5;3m[RoutesResolver] [39m[32mHealthController {/api/health}:[39m[38;5;3m +3ms[39m
[32m[Nest] 17128  - [39m28/04/2026, 3:33:16 pm [32m    LOG[39m [38;5;3m[RouterExplorer] [39m[32mMapped {/api/health, GET} route[39m[38;5;3m +3ms[39m
[32m[Nest] 17128  - [39m28/04/2026, 3:33:16 pm [32m    LOG[39m [38;5;3m[RoutesResolver] [39m[32mAuthController {/api/auth}:[39m[38;5;3m +1ms[39m
[32m[Nest] 17128  - [39m28/04/2026, 3:33:16 pm [32m    LOG[39m [38;5;3m[RouterExplorer] [39m[32mMapped {/api/auth/login, POST} route[39m[38;5;3m +1ms[39m
[32m[Nest] 17128  - [39m28/04/2026, 3:33:16 pm [32m    LOG[39m [38;5;3m[RouterExplorer] [39m[32mMapped {/api/auth/oauth, POST} route[39m[38;5;3m +0ms[39m
[32m[Nest] 17128  - [39m28/04/2026, 3:33:16 pm [32m    LOG[39m [38;5;3m[RouterExplorer] [39m[32mMapped {/api/auth/refresh, POST} route[39m[38;5;3m +1ms[39m
[32m[Nest] 17128  - [39m28/04/2026, 3:33:16 pm [32m    LOG[39m [38;5;3m[RoutesResolver] [39m[32mActivitiesController {/api/activities}:[39m[38;5;3m +0ms[39m
[32m[Nest] 17128  - [39m28/04/2026, 3:33:16 pm [32m    LOG[39m [38;5;3m[RouterExplorer] [39m[32mMapped {/api/activities, GET} route[39m[38;5;3m +1ms[39m
[32m[Nest] 17128  - [39m28/04/2026, 3:33:16 pm [32m    LOG[39m [38;5;3m[RouterExplorer] [39m[32mMapped {/api/activities, POST} route[39m[38;5;3m +1ms[39m
[32m[Nest] 17128  - [39m28/04/2026, 3:33:16 pm [32m    LOG[39m [38;5;3m[RouterExplorer] [39m[32mMapped {/api/activities/:id/streams, POST} route[39m[38;5;3m +1ms[39m
[32m[Nest] 17128  - [39m28/04/2026, 3:33:16 pm [32m    LOG[39m [38;5;3m[RouterExplorer] [39m[32mMapped {/api/activities/sync, POST} route[39m[38;5;3m +1ms[39m
[32m[Nest] 17128  - [39m28/04/2026, 3:33:16 pm [32m    LOG[39m [38;5;3m[RoutesResolver] [39m[32mSegmentsController {/api/segments}:[39m[38;5;3m +0ms[39m
[32m[Nest] 17128  - [39m28/04/2026, 3:33:16 pm [32m    LOG[39m [38;5;3m[RouterExplorer] [39m[32mMapped {/api/segments/:id, GET} route[39m[38;5;3m +1ms[39m
[32m[Nest] 17128  - [39m28/04/2026, 3:33:16 pm [32m    LOG[39m [38;5;3m[RouterExplorer] [39m[32mMapped {/api/segments/:id/leaderboard, GET} route[39m[38;5;3m +1ms[39m
[32m[Nest] 17128  - [39m28/04/2026, 3:33:16 pm [32m    LOG[39m [38;5;3m[RoutesResolver] [39m[32mLeaderboardsController {/api}:[39m[38;5;3m +0ms[39m
[32m[Nest] 17128  - [39m28/04/2026, 3:33:16 pm [32m    LOG[39m [38;5;3m[RouterExplorer] [39m[32mMapped {/api/leaderboards/:scopeId, GET} route[39m[38;5;3m +0ms[39m
[32m[Nest] 17128  - [39m28/04/2026, 3:33:16 pm [32m    LOG[39m [38;5;3m[RouterExplorer] [39m[32mMapped {/api/leaderboard/global, GET} route[39m[38;5;3m +1ms[39m
[32m[Nest] 17128  - [39m28/04/2026, 3:33:16 pm [32m    LOG[39m [38;5;3m[RoutesResolver] [39m[32mFeedController {/api/feed}:[39m[38;5;3m +0ms[39m
[32m[Nest] 17128  - [39m28/04/2026, 3:33:16 pm [32m    LOG[39m [38;5;3m[RouterExplorer] [39m[32mMapped {/api/feed, GET} route[39m[38;5;3m +1ms[39m
[32m[Nest] 17128  - [39m28/04/2026, 3:33:16 pm [32m    LOG[39m [38;5;3m[RoutesResolver] [39m[32mShareController {/api/share}:[39m[38;5;3m +0ms[39m
[32m[Nest] 17128  - [39m28/04/2026, 3:33:16 pm [32m    LOG[39m [38;5;3m[RouterExplorer] [39m[32mMapped {/api/share/:activityId, GET} route[39m[38;5;3m +0ms[39m
[32m[Nest] 17128  - [39m28/04/2026, 3:33:16 pm [32m    LOG[39m [38;5;3m[RoutesResolver] [39m[32mValidationController {/api/validation}:[39m[38;5;3m +1ms[39m
[32m[Nest] 17128  - [39m28/04/2026, 3:33:16 pm [32m    LOG[39m [38;5;3m[RouterExplorer] [39m[32mMapped {/api/validation/:activityId, GET} route[39m[38;5;3m +0ms[39m
[32m[Nest] 17128  - [39m28/04/2026, 3:33:16 pm [32m    LOG[39m [38;5;3m[RoutesResolver] [39m[32mClubsController {/api/clubs}:[39m[38;5;3m +1ms[39m
[32m[Nest] 17128  - [39m28/04/2026, 3:33:16 pm [32m    LOG[39m [38;5;3m[RouterExplorer] [39m[32mMapped {/api/clubs, GET} route[39m[38;5;3m +0ms[39m
[32m[Nest] 17128  - [39m28/04/2026, 3:33:16 pm [32m    LOG[39m [38;5;3m[RouterExplorer] [39m[32mMapped {/api/clubs/:id, GET} route[39m[38;5;3m +1ms[39m
[32m[Nest] 17128  - [39m28/04/2026, 3:33:16 pm [32m    LOG[39m [38;5;3m[RoutesResolver] [39m[32mEventsController {/api/events}:[39m[38;5;3m +1ms[39m
[32m[Nest] 17128  - [39m28/04/2026, 3:33:16 pm [32m    LOG[39m [38;5;3m[RouterExplorer] [39m[32mMapped {/api/events, GET} route[39m[38;5;3m +1ms[39m
[32m[Nest] 17128  - [39m28/04/2026, 3:33:16 pm [32m    LOG[39m [38;5;3m[RouterExplorer] [39m[32mMapped {/api/events/:id/race/start, POST} route[39m[38;5;3m +0ms[39m
[32m[Nest] 17128  - [39m28/04/2026, 3:33:16 pm [32m    LOG[39m [38;5;3m[RouterExplorer] [39m[32mMapped {/api/events/:id/race, GET} route[39m[38;5;3m +1ms[39m
[32m[Nest] 17128  - [39m28/04/2026, 3:33:16 pm [32m    LOG[39m [38;5;3m[RouterExplorer] [39m[32mMapped {/api/events/:id/timing-ingest, POST} route[39m[38;5;3m +0ms[39m
[32m[Nest] 17128  - [39m28/04/2026, 3:33:16 pm [32m    LOG[39m [38;5;3m[RouterExplorer] [39m[32mMapped {/api/events/:id/live, POST} route[39m[38;5;3m +1ms[39m
[32m[Nest] 17128  - [39m28/04/2026, 3:33:16 pm [32m    LOG[39m [38;5;3m[RouterExplorer] [39m[32mMapped {/api/events/:id/cheers, POST} route[39m[38;5;3m +0ms[39m
[32m[Nest] 17128  - [39m28/04/2026, 3:33:16 pm [32m    LOG[39m [38;5;3m[RoutesResolver] [39m[32mBillingController {/api/billing}:[39m[38;5;3m +0ms[39m
[32m[Nest] 17128  - [39m28/04/2026, 3:33:16 pm [32m    LOG[39m [38;5;3m[RouterExplorer] [39m[32mMapped {/api/billing/entitlements/:userId, GET} route[39m[38;5;3m +1ms[39m
[32m[Nest] 17128  - [39m28/04/2026, 3:33:16 pm [32m    LOG[39m [38;5;3m[RouterExplorer] [39m[32mMapped {/api/billing/webhooks/stripe, POST} route[39m[38;5;3m +0ms[39m
[32m[Nest] 17128  - [39m28/04/2026, 3:33:16 pm [32m    LOG[39m [38;5;3m[RoutesResolver] [39m[32mIntegrationsController {/api/integrations}:[39m[38;5;3m +1ms[39m
[32m[Nest] 17128  - [39m28/04/2026, 3:33:16 pm [32m    LOG[39m [38;5;3m[RouterExplorer] [39m[32mMapped {/api/integrations/:userId, GET} route[39m[38;5;3m +0ms[39m
[32m[Nest] 17128  - [39m28/04/2026, 3:33:16 pm [32m    LOG[39m [38;5;3m[RouterExplorer] [39m[32mMapped {/api/integrations, POST} route[39m[38;5;3m +0ms[39m
[32m[Nest] 17128  - [39m28/04/2026, 3:33:16 pm [32m    LOG[39m [38;5;3m[GraphQLModule] [39m[32mMapped {/graphql, POST} route[39m[38;5;3m +175ms[39m
[32m[Nest] 17128  - [39m28/04/2026, 3:33:16 pm [32m    LOG[39m [38;5;3m[NestApplication] [39m[32mNest application successfully started[39m[38;5;3m +3ms[39m
Server running on http://localhost:4000
[REQ] GET /api/health
